  [04/10/17 20:57:20] Processing normal_1024 (platform: espressif8266, upload_speed: 460800, build_flags: -Wl,-Tesp8266.flash.1m128.ld -D PLUGIN_BUILD_NORMAL -D BUILD_GIT='""', board: esp12e, framework: arduino)
  
  Verbose mode can be enabled via `-v, --verbose` option
  Converting ESPEasy.ino
  Collected 32 compatible libraries
  Looking for dependencies...
  Library Dependency Graph
  |-- <ESP8266 Oled Driver for SSD1306 display> v2.0.1
  |   |-- <Wire> v1.0
  |-- <PubSubClient> v2.6
  |-- <DNSServer> v1.1.0
  |   |-- <ESP8266WiFi> v1.0
  |-- <Wire> v1.0
  |-- <Json> v5.6.4
  |-- <Adafruit NeoPixel> v1.0.6
  |-- <Servo(esp8266)> v1.0.2
  |-- <ESP8266WiFi> v1.0
  |-- <ESP8266WebServer> v1.0
  |   |-- <ESP8266WiFi> v1.0
  |-- <IRremoteESP8266>
  |-- <ArduinoOTA> v1.0
  |   |-- <ESP8266WiFi> v1.0
  |   |-- <ESP8266mDNS>
  |   |   |-- <ESP8266WiFi> v1.0
  |-- <ESP8266mDNS>
  |   |-- <ESP8266WiFi> v1.0
  |-- <ESP8266HTTPUpdateServer> v1.0
  |   |-- <ESP8266WebServer> v1.0
  |   |   |-- <ESP8266WiFi> v1.0
  |   |-- <ESP8266WiFi> v1.0
  |-- <SPI> v1.0
  |-- <Adafruit Motor Shield V2 Library> v1.0.4
  |   |-- <Wire> v1.0
  |-- <EspSoftwareSerial>
  |-- <SD(esp8266)> v1.0.5
  |   |-- <SPI> v1.0
  |-- <LiquidCrystal_I2C>
  |   |-- <Wire> v1.0
  Compiling .pioenvs\normal_1024\src\ESPEasy.ino.o
  Archiving .pioenvs\normal_1024\libFrameworkArduinoVariant.a
  Compiling .pioenvs\normal_1024\FrameworkArduino\Esp.o
  D:/proj/esp/ESPEasyNew/ESPEasy/src/_P010_BH1750.ino:9:23: fatal error: AS_BH1750.h: No such file or directory
  #define PLUGIN_NAME_010       "Luminosity - BH1750"
  ^
  compilation terminated.
  *** [.pioenvs\normal_1024\src\ESPEasy.ino.o] Error 1
   [ERROR] Took 6.89 seconds 
  
  
  [04/10/17 20:57:27] Processing normal_4096 (platform: espressif8266, upload_speed: 460800, build_flags: -Wl,-Tesp8266.flash.4m1m.ld -D PLUGIN_BUILD_NORMAL -D BUILD_GIT='""', board: esp12e, framework: arduino)
  
  Verbose mode can be enabled via `-v, --verbose` option
  Converting ESPEasy.ino
  Collected 32 compatible libraries
  Looking for dependencies...
  Library Dependency Graph
  |-- <ESP8266 Oled Driver for SSD1306 display> v2.0.1
  |   |-- <Wire> v1.0
  |-- <PubSubClient> v2.6
  |-- <DNSServer> v1.1.0
  |   |-- <ESP8266WiFi> v1.0
  |-- <Wire> v1.0
  |-- <Json> v5.6.4
  |-- <Adafruit NeoPixel> v1.0.6
  |-- <Servo(esp8266)> v1.0.2
  |-- <ESP8266WiFi> v1.0
  |-- <ESP8266WebServer> v1.0
  |   |-- <ESP8266WiFi> v1.0
  |-- <IRremoteESP8266>
  |-- <SPI> v1.0
  |-- <ArduinoOTA> v1.0
  |   |-- <ESP8266WiFi> v1.0
  |   |-- <ESP8266mDNS>
  |   |   |-- <ESP8266WiFi> v1.0
  |-- <ESP8266mDNS>
  |   |-- <ESP8266WiFi> v1.0
  |-- <ESP8266HTTPUpdateServer> v1.0
  |   |-- <ESP8266WebServer> v1.0
  |   |   |-- <ESP8266WiFi> v1.0
  |   |-- <ESP8266WiFi> v1.0
  |-- <Adafruit Motor Shield V2 Library> v1.0.4
  |   |-- <Wire> v1.0
  |-- <EspSoftwareSerial>
  |-- <SD(esp8266)> v1.0.5
  |   |-- <SPI> v1.0
  |-- <LiquidCrystal_I2C>
  |   |-- <Wire> v1.0
  Compiling .pioenvs\normal_4096\src\ESPEasy.ino.o
  Archiving .pioenvs\normal_4096\libFrameworkArduinoVariant.a
  Compiling .pioenvs\normal_4096\FrameworkArduino\Esp.o
  D:/proj/esp/ESPEasyNew/ESPEasy/src/_P010_BH1750.ino:9:23: fatal error: AS_BH1750.h: No such file or directory
  #define PLUGIN_NAME_010       "Luminosity - BH1750"
  ^
  compilation terminated.
  *** [.pioenvs\normal_4096\src\ESPEasy.ino.o] Error 1
   [ERROR] Took 3.41 seconds 
  
  
  [04/10/17 20:57:30] Processing normal_8285 (platform: espressif8266, upload_speed: 460800, build_flags: -Wl,-Tesp8266.flash.1m128.ld -D PLUGIN_BUILD_NORMAL -D BUILD_GIT='""' -DESP8285, board: esp8285, framework: arduino)
  
  Verbose mode can be enabled via `-v, --verbose` option
  Converting ESPEasy.ino
  Collected 32 compatible libraries
  Looking for dependencies...
  Library Dependency Graph
  |-- <Adafruit Motor Shield V2 Library> v1.0.4
  |   |-- <Wire> v1.0
  |-- <Json> v5.6.4
  |-- <ESP8266HTTPUpdateServer> v1.0
  |   |-- <ESP8266WiFi> v1.0
  |   |-- <ESP8266WebServer> v1.0
  |   |   |-- <ESP8266WiFi> v1.0
  |-- <SPI> v1.0
  |-- <PubSubClient> v2.6
  |-- <ESP8266 Oled Driver for SSD1306 display> v2.0.1
  |   |-- <Wire> v1.0
  |-- <EspSoftwareSerial>
  |-- <ESP8266mDNS>
  |   |-- <ESP8266WiFi> v1.0
  |-- <Wire> v1.0
  |-- <LiquidCrystal_I2C>
  |   |-- <Wire> v1.0
  |-- <DNSServer> v1.1.0
  |   |-- <ESP8266WiFi> v1.0
  |-- <Adafruit NeoPixel> v1.0.6
  |-- <IRremoteESP8266>
  |-- <Servo(esp8266)> v1.0.2
  |-- <ArduinoOTA> v1.0
  |   |-- <ESP8266WiFi> v1.0
  |   |-- <ESP8266mDNS>
  |   |   |-- <ESP8266WiFi> v1.0
  |-- <ESP8266WiFi> v1.0
  |-- <ESP8266WebServer> v1.0
  |   |-- <ESP8266WiFi> v1.0
  |-- <SD(esp8266)> v1.0.5
  |   |-- <SPI> v1.0
  Compiling .pioenvs\normal_8285\src\ESPEasy.ino.o
  Archiving .pioenvs\normal_8285\libFrameworkArduinoVariant.a
  Compiling .pioenvs\normal_8285\FrameworkArduino\Esp.o
  D:/proj/esp/ESPEasyNew/ESPEasy/src/_P010_BH1750.ino:9:23: fatal error: AS_BH1750.h: No such file or directory
  #define PLUGIN_NAME_010       "Luminosity - BH1750"
  ^
  compilation terminated.
  *** [.pioenvs\normal_8285\src\ESPEasy.ino.o] Error 1
   [ERROR] Took 3.57 seconds 
  
  
  [04/10/17 20:57:34] Processing test_1024 (platform: espressif8266, upload_speed: 460800, build_flags: -Wl,-Tesp8266.flash.1m128.ld -D PLUGIN_BUILD_NORMAL -D PLUGIN_BUILD_TESTING -D BUILD_GIT='""', board: esp12e, framework: arduino)
  
  Verbose mode can be enabled via `-v, --verbose` option
  Converting ESPEasy.ino
  Collected 32 compatible libraries
  Looking for dependencies...
  Library Dependency Graph
  |-- <ESP8266WebServer> v1.0
  |   |-- <ESP8266WiFi> v1.0
  |-- <Wire> v1.0
  |-- <PubSubClient> v2.6
  |-- <Adafruit Motor Shield V2 Library> v1.0.4
  |   |-- <Wire> v1.0
  |-- <SD(esp8266)> v1.0.5
  |   |-- <SPI> v1.0
  |-- <SPI> v1.0
  |-- <ESP8266HTTPUpdateServer> v1.0
  |   |-- <ESP8266WiFi> v1.0
  |   |-- <ESP8266WebServer> v1.0
  |   |   |-- <ESP8266WiFi> v1.0
  |-- <ArduinoOTA> v1.0
  |   |-- <ESP8266WiFi> v1.0
  |   |-- <ESP8266mDNS>
  |   |   |-- <ESP8266WiFi> v1.0
  |-- <ESP8266 Oled Driver for SSD1306 display> v2.0.1
  |   |-- <Wire> v1.0
  |-- <Servo(esp8266)> v1.0.2
  |-- <EspSoftwareSerial>
  |-- <LiquidCrystal_I2C>
  |   |-- <Wire> v1.0
  |-- <DNSServer> v1.1.0
  |   |-- <ESP8266WiFi> v1.0
  |-- <Adafruit NeoPixel> v1.0.6
  |-- <ESP8266WiFi> v1.0
  |-- <ESP8266mDNS>
  |   |-- <ESP8266WiFi> v1.0
  |-- <IRremoteESP8266>
  |-- <Json> v5.6.4
  Compiling .pioenvs\test_1024\src\ESPEasy.ino.o
  Archiving .pioenvs\test_1024\libFrameworkArduinoVariant.a
  Compiling .pioenvs\test_1024\FrameworkArduino\Esp.o
  D:/proj/esp/ESPEasyNew/ESPEasy/src/_P010_BH1750.ino:9:23: fatal error: AS_BH1750.h: No such file or directory
  #define PLUGIN_NAME_010       "Luminosity - BH1750"
  ^
  compilation terminated.
  *** [.pioenvs\test_1024\src\ESPEasy.ino.o] Error 1
   [ERROR] Took 3.36 seconds 
  
  
  [04/10/17 20:57:37] Processing test_4096 (platform: espressif8266, upload_speed: 460800, build_flags: -Wl,-Tesp8266.flash.4m1m.ld -D PLUGIN_BUILD_NORMAL -D PLUGIN_BUILD_TESTING -D BUILD_GIT='""', board: esp12e, framework: arduino)
  
  Verbose mode can be enabled via `-v, --verbose` option
  Converting ESPEasy.ino
  Collected 32 compatible libraries
  Looking for dependencies...
  Library Dependency Graph
  |-- <ESP8266WebServer> v1.0
  |   |-- <ESP8266WiFi> v1.0
  |-- <PubSubClient> v2.6
  |-- <Adafruit Motor Shield V2 Library> v1.0.4
  |   |-- <Wire> v1.0
  |-- <SPI> v1.0
  |-- <SD(esp8266)> v1.0.5
  |   |-- <SPI> v1.0
  |-- <ESP8266HTTPUpdateServer> v1.0
  |   |-- <ESP8266WiFi> v1.0
  |   |-- <ESP8266WebServer> v1.0
  |   |   |-- <ESP8266WiFi> v1.0
  |-- <ArduinoOTA> v1.0
  |   |-- <ESP8266WiFi> v1.0
  |   |-- <ESP8266mDNS>
  |   |   |-- <ESP8266WiFi> v1.0
  |-- <ESP8266 Oled Driver for SSD1306 display> v2.0.1
  |   |-- <Wire> v1.0
  |-- <Servo(esp8266)> v1.0.2
  |-- <EspSoftwareSerial>
  |-- <LiquidCrystal_I2C>
  |   |-- <Wire> v1.0
  |-- <DNSServer> v1.1.0
  |   |-- <ESP8266WiFi> v1.0
  |-- <Adafruit NeoPixel> v1.0.6
  |-- <Wire> v1.0
  |-- <ESP8266WiFi> v1.0
  |-- <ESP8266mDNS>
  |   |-- <ESP8266WiFi> v1.0
  |-- <IRremoteESP8266>
  |-- <Json> v5.6.4
  Compiling .pioenvs\test_4096\src\ESPEasy.ino.o
  Archiving .pioenvs\test_4096\libFrameworkArduinoVariant.a
  Compiling .pioenvs\test_4096\FrameworkArduino\Esp.o
  D:/proj/esp/ESPEasyNew/ESPEasy/src/_P010_BH1750.ino:9:23: fatal error: AS_BH1750.h: No such file or directory
  #define PLUGIN_NAME_010       "Luminosity - BH1750"
  ^
  compilation terminated.
  *** [.pioenvs\test_4096\src\ESPEasy.ino.o] Error 1
   [ERROR] Took 3.38 seconds 
  
  
  [04/10/17 20:57:40] Processing test_8285 (platform: espressif8266, upload_speed: 460800, build_flags: -Wl,-Tesp8266.flash.1m128.ld -D PLUGIN_BUILD_NORMAL -D PLUGIN_BUILD_TESTING -D BUILD_GIT='""' -DESP8285, board: esp8285, framework: arduino)
  
  Verbose mode can be enabled via `-v, --verbose` option
  Converting ESPEasy.ino
  Collected 32 compatible libraries
  Looking for dependencies...
  Library Dependency Graph
  |-- <ESP8266WiFi> v1.0
  |-- <Adafruit Motor Shield V2 Library> v1.0.4
  |   |-- <Wire> v1.0
  |-- <IRremoteESP8266>
  |-- <ESP8266WebServer> v1.0
  |   |-- <ESP8266WiFi> v1.0
  |-- <Adafruit NeoPixel> v1.0.6
  |-- <SPI> v1.0
  |-- <EspSoftwareSerial>
  |-- <ESP8266 Oled Driver for SSD1306 display> v2.0.1
  |   |-- <Wire> v1.0
  |-- <ESP8266HTTPUpdateServer> v1.0
  |   |-- <ESP8266WiFi> v1.0
  |   |-- <ESP8266WebServer> v1.0
  |   |   |-- <ESP8266WiFi> v1.0
  |-- <LiquidCrystal_I2C>
  |   |-- <Wire> v1.0
  |-- <Json> v5.6.4
  |-- <ArduinoOTA> v1.0
  |   |-- <ESP8266WiFi> v1.0
  |   |-- <ESP8266mDNS>
  |   |   |-- <ESP8266WiFi> v1.0
  |-- <ESP8266mDNS>
  |   |-- <ESP8266WiFi> v1.0
  |-- <PubSubClient> v2.6
  |-- <Wire> v1.0
  |-- <Servo(esp8266)> v1.0.2
  |-- <SD(esp8266)> v1.0.5
  |   |-- <SPI> v1.0
  |-- <DNSServer> v1.1.0
  |   |-- <ESP8266WiFi> v1.0
  Compiling .pioenvs\test_8285\src\ESPEasy.ino.o
  Archiving .pioenvs\test_8285\libFrameworkArduinoVariant.a
  Compiling .pioenvs\test_8285\FrameworkArduino\Esp.o
  D:/proj/esp/ESPEasyNew/ESPEasy/src/_P010_BH1750.ino:9:23: fatal error: AS_BH1750.h: No such file or directory
  #define PLUGIN_NAME_010       "Luminosity - BH1750"
  ^
  compilation terminated.
  *** [.pioenvs\test_8285\src\ESPEasy.ino.o] Error 1
   [ERROR] Took 3.36 seconds 
  
  
  [04/10/17 20:57:44] Processing dev_1024 (platform: espressif8266, upload_speed: 460800, build_flags: -Wl,-Tesp8266.flash.1m128.ld -D PLUGIN_BUILD_NORMAL -D PLUGIN_BUILD_TESTING -D PLUGIN_BUILD_DEV -D FEATURE_ARDUINO_OTA -D BUILD_GIT='""', board: esp12e, framework: arduino)
  
  Verbose mode can be enabled via `-v, --verbose` option
  Converting ESPEasy.ino
  Collected 32 compatible libraries
  Looking for dependencies...
  Library Dependency Graph
  |-- <LiquidCrystal_I2C>
  |   |-- <Wire> v1.0
  |-- <Servo(esp8266)> v1.0.2
  |-- <Json> v5.6.4
  |-- <ESP8266mDNS>
  |   |-- <ESP8266WiFi> v1.0
  |-- <ESP8266WiFi> v1.0
  |-- <SD(esp8266)> v1.0.5
  |   |-- <SPI> v1.0
  |-- <ESP8266 Oled Driver for SSD1306 display> v2.0.1
  |   |-- <Wire> v1.0
  |-- <Adafruit NeoPixel> v1.0.6
  |-- <IRremoteESP8266>
  |-- <PubSubClient> v2.6
  |-- <Adafruit Motor Shield V2 Library> v1.0.4
  |   |-- <Wire> v1.0
  |-- <Wire> v1.0
  |-- <DNSServer> v1.1.0
  |   |-- <ESP8266WiFi> v1.0
  |-- <ESP8266WebServer> v1.0
  |   |-- <ESP8266WiFi> v1.0
  |-- <EspSoftwareSerial>
  |-- <SPI> v1.0
  |-- <ArduinoOTA> v1.0
  |   |-- <ESP8266WiFi> v1.0
  |   |-- <ESP8266mDNS>
  |   |   |-- <ESP8266WiFi> v1.0
  |-- <ESP8266HTTPUpdateServer> v1.0
  |   |-- <ESP8266WebServer> v1.0
  |   |   |-- <ESP8266WiFi> v1.0
  |   |-- <ESP8266WiFi> v1.0
  Compiling .pioenvs\dev_1024\src\ESPEasy.ino.o
  Archiving .pioenvs\dev_1024\libFrameworkArduinoVariant.a
  Compiling .pioenvs\dev_1024\FrameworkArduino\Esp.o
  D:/proj/esp/ESPEasyNew/ESPEasy/src/_P010_BH1750.ino:9:23: fatal error: AS_BH1750.h: No such file or directory
  #define PLUGIN_NAME_010       "Luminosity - BH1750"
  ^
  compilation terminated.
  *** [.pioenvs\dev_1024\src\ESPEasy.ino.o] Error 1
   [ERROR] Took 3.37 seconds 
  
  
  [04/10/17 20:57:47] Processing dev_4096 (platform: espressif8266, upload_speed: 460800, build_flags: -Wl,-Tesp8266.flash.4m1m.ld -D PLUGIN_BUILD_NORMAL -D PLUGIN_BUILD_TESTING -D PLUGIN_BUILD_DEV -D FEATURE_ARDUINO_OTA -D BUILD_GIT='""', board: esp12e, framework: arduino)
  
  Verbose mode can be enabled via `-v, --verbose` option
  Converting ESPEasy.ino
  Collected 32 compatible libraries
  Looking for dependencies...
  Library Dependency Graph
  |-- <Servo(esp8266)> v1.0.2
  |-- <Json> v5.6.4
  |-- <ESP8266mDNS>
  |   |-- <ESP8266WiFi> v1.0
  |-- <ESP8266WiFi> v1.0
  |-- <SD(esp8266)> v1.0.5
  |   |-- <SPI> v1.0
  |-- <ESP8266 Oled Driver for SSD1306 display> v2.0.1
  |   |-- <Wire> v1.0
  |-- <Adafruit NeoPixel> v1.0.6
  |-- <IRremoteESP8266>
  |-- <PubSubClient> v2.6
  |-- <Adafruit Motor Shield V2 Library> v1.0.4
  |   |-- <Wire> v1.0
  |-- <LiquidCrystal_I2C>
  |   |-- <Wire> v1.0
  |-- <DNSServer> v1.1.0
  |   |-- <ESP8266WiFi> v1.0
  |-- <ESP8266WebServer> v1.0
  |   |-- <ESP8266WiFi> v1.0
  |-- <EspSoftwareSerial>
  |-- <Wire> v1.0
  |-- <SPI> v1.0
  |-- <ArduinoOTA> v1.0
  |   |-- <ESP8266WiFi> v1.0
  |   |-- <ESP8266mDNS>
  |   |   |-- <ESP8266WiFi> v1.0
  |-- <ESP8266HTTPUpdateServer> v1.0
  |   |-- <ESP8266WebServer> v1.0
  |   |   |-- <ESP8266WiFi> v1.0
  |   |-- <ESP8266WiFi> v1.0
  Compiling .pioenvs\dev_4096\src\ESPEasy.ino.o
  Archiving .pioenvs\dev_4096\libFrameworkArduinoVariant.a
  Compiling .pioenvs\dev_4096\FrameworkArduino\Esp.o
  D:/proj/esp/ESPEasyNew/ESPEasy/src/_P010_BH1750.ino:9:23: fatal error: AS_BH1750.h: No such file or directory
  #define PLUGIN_NAME_010       "Luminosity - BH1750"
  ^
  compilation terminated.
  *** [.pioenvs\dev_4096\src\ESPEasy.ino.o] Error 1
   [ERROR] Took 3.35 seconds 
  
  
  [04/10/17 20:57:50] Processing dev_8285 (platform: espressif8266, upload_speed: 460800, build_flags: -Wl,-Tesp8266.flash.1m128.ld -D PLUGIN_BUILD_NORMAL -D PLUGIN_BUILD_TESTING -D PLUGIN_BUILD_DEV -D FEATURE_ARDUINO_OTA -D BUILD_GIT='""' -DESP8285, board: esp8285, framework: arduino)
  
  Verbose mode can be enabled via `-v, --verbose` option
  Converting ESPEasy.ino
  Collected 32 compatible libraries
  Looking for dependencies...
  Library Dependency Graph
  |-- <SPI> v1.0
  |-- <LiquidCrystal_I2C>
  |   |-- <Wire> v1.0
  |-- <DNSServer> v1.1.0
  |   |-- <ESP8266WiFi> v1.0
  |-- <SD(esp8266)> v1.0.5
  |   |-- <SPI> v1.0
  |-- <ESP8266 Oled Driver for SSD1306 display> v2.0.1
  |   |-- <Wire> v1.0
  |-- <ESP8266mDNS>
  |   |-- <ESP8266WiFi> v1.0
  |-- <ESP8266WiFi> v1.0
  |-- <IRremoteESP8266>
  |-- <PubSubClient> v2.6
  |-- <ArduinoOTA> v1.0
  |   |-- <ESP8266WiFi> v1.0
  |   |-- <ESP8266mDNS>
  |   |   |-- <ESP8266WiFi> v1.0
  |-- <Adafruit NeoPixel> v1.0.6
  |-- <Adafruit Motor Shield V2 Library> v1.0.4
  |   |-- <Wire> v1.0
  |-- <ESP8266HTTPUpdateServer> v1.0
  |   |-- <ESP8266WiFi> v1.0
  |   |-- <ESP8266WebServer> v1.0
  |   |   |-- <ESP8266WiFi> v1.0
  |-- <Wire> v1.0
  |-- <EspSoftwareSerial>
  |-- <Servo(esp8266)> v1.0.2
  |-- <ESP8266WebServer> v1.0
  |   |-- <ESP8266WiFi> v1.0
  |-- <Json> v5.6.4
  Compiling .pioenvs\dev_8285\src\ESPEasy.ino.o
  Archiving .pioenvs\dev_8285\libFrameworkArduinoVariant.a
  Compiling .pioenvs\dev_8285\FrameworkArduino\Esp.o
  D:/proj/esp/ESPEasyNew/ESPEasy/src/_P010_BH1750.ino:9:23: fatal error: AS_BH1750.h: No such file or directory
  #define PLUGIN_NAME_010       "Luminosity - BH1750"
  ^
  compilation terminated.
  *** [.pioenvs\dev_8285\src\ESPEasy.ino.o] Error 1
   [ERROR] Took 3.48 seconds 
  
  
   [SUMMARY] 
  Environment normal_1024	[ERROR]
  Environment normal_4096	[ERROR]
  Environment normal_8285	[ERROR]
  Environment test_1024  	[ERROR]
  Environment test_4096  	[ERROR]
  Environment test_8285  	[ERROR]
  Environment dev_1024   	[ERROR]
  Environment dev_4096   	[ERROR]
  Environment dev_8285   	[ERROR]
   [ERROR] Took 34.17 seconds 
C:\Program Files (x86)\Microsoft Visual Studio\2017\Community\Common7\IDE\VC\VCTargets\Microsoft.MakeFile.Targets(44,5): error MSB3073: выход из команды "platformio -f -c visualstudio run" с кодом 1.
